Termux/termux-app/app/build/outputs/logs/manifest-merger-debug-report.txt
-- Merging decision tree log ---
manifest
ADDED from src/main/AndroidManifest.xml:1:1-117:12
INJECTED from src/main/AndroidManifest.xml:1:1-117:12
INJECTED from src/main/AndroidManifest.xml:1:1-117:12
INJECTED from src/main/AndroidManifest.xml:1:1-117:12
MERGED from [:terminal-view] AndroidManifest.xml:2:1-10:12
MERGED from [com.android.support:support-core-utils:26.1.0] AndroidManifest.xml:17:1-31:12
MERGED from [com.android.support:support-core-ui:26.1.0] AndroidManifest.xml:17:1-31:12
MERGED from [com.android.support:support-compat:26.1.0] AndroidManifest.xml:17:1-31:12
MERGED from [:terminal-emulator] AndroidManifest.xml:2:1-10:12
MERGED from [android.arch.lifecycle:runtime:1.0.0] AndroidManifest.xml:17:1-30:12
INJECTED from src/main/AndroidManifest.xml:1:1-117:12
INJECTED from src/main/AndroidManifest.xml:1:1-117:12
INJECTED from src/main/AndroidManifest.xml:1:1-117:12
	package
		ADDED from src/main/AndroidManifest.xml:2:5-25
		INJECTED from src/main/AndroidManifest.xml
		INJECTED from src/main/AndroidManifest.xml
	android:sharedUserLabel
		ADDED from src/main/AndroidManifest.xml:5:5-56
	android:sharedUserId
		ADDED from src/main/AndroidManifest.xml:4:5-38
	android:versionName
		INJECTED from src/main/AndroidManifest.xml
		ADDED from src/main/AndroidManifest.xml:1:1-117:12
		INJECTED from src/main/AndroidManifest.xml
	android:versionCode
		INJECTED from src/main/AndroidManifest.xml
		ADDED from src/main/AndroidManifest.xml:1:1-117:12
		INJECTED from src/main/AndroidManifest.xml
	xmlns:android
		ADDED from src/main/AndroidManifest.xml:1:11-69
	android:installLocation
		ADDED from src/main/AndroidManifest.xml:3:5-43
uses-feature#android.hardware.touchscreen
ADDED from src/main/AndroidManifest.xml:7:5-90
	android:required
		ADDED from src/main/AndroidManifest.xml:7:63-87
	android:name
		ADDED from src/main/AndroidManifest.xml:7:19-62
uses-feature#android.software.leanback
ADDED from src/main/AndroidManifest.xml:8:5-87
	android:required
		ADDED from src/main/AndroidManifest.xml:8:60-84
	android:name
		ADDED from src/main/AndroidManifest.xml:8:19-59
uses-permission#android.permission.INTERNET
ADDED from src/main/AndroidManifest.xml:10:5-67
	android:name
		ADDED from src/main/AndroidManifest.xml:10:22-64
uses-permission#android.permission.WRITE_EXTERNAL_STORAGE
ADDED from src/main/AndroidManifest.xml:11:5-81
	android:name
		ADDED from src/main/AndroidManifest.xml:11:22-78
uses-permission#android.permission.WAKE_LOCK
ADDED from src/main/AndroidManifest.xml:12:5-68
	android:name
		ADDED from src/main/AndroidManifest.xml:12:22-65
uses-permission#android.permission.VIBRATE
ADDED from src/main/AndroidManifest.xml:13:5-66
	android:name
		ADDED from src/main/AndroidManifest.xml:13:22-63
application
ADDED from src/main/AndroidManifest.xml:15:5-115:19
MERGED from [com.android.support:support-core-utils:26.1.0] AndroidManifest.xml:25:5-29:19
MERGED from [com.android.support:support-core-utils:26.1.0] AndroidManifest.xml:25:5-29:19
MERGED from [com.android.support:support-core-ui:26.1.0] AndroidManifest.xml:25:5-29:19
MERGED from [com.android.support:support-core-ui:26.1.0] AndroidManifest.xml:25:5-29:19
MERGED from [com.android.support:support-compat:26.1.0] AndroidManifest.xml:25:5-29:19
MERGED from [com.android.support:support-compat:26.1.0] AndroidManifest.xml:25:5-29:19
MERGED from [android.arch.lifecycle:runtime:1.0.0] AndroidManifest.xml:24:5-28:19
MERGED from [android.arch.lifecycle:runtime:1.0.0] AndroidManifest.xml:24:5-28:19
	android:extractNativeLibs
		ADDED from src/main/AndroidManifest.xml:16:9-41
	android:supportsRtl
		ADDED from src/main/AndroidManifest.xml:24:9-36
	android:label
		ADDED from src/main/AndroidManifest.xml:22:9-49
	android:fullBackupContent
		ADDED from src/main/AndroidManifest.xml:18:9-54
	android:roundIcon
		ADDED from src/main/AndroidManifest.xml:20:9-54
	android:icon
		ADDED from src/main/AndroidManifest.xml:19:9-43
	android:allowBackup
		ADDED from src/main/AndroidManifest.xml:17:9-35
	android:banner
		ADDED from src/main/AndroidManifest.xml:21:9-42
	android:theme
		ADDED from src/main/AndroidManifest.xml:23:9-44
activity#com.termux.app.TermuxActivity
ADDED from src/main/AndroidManifest.xml:26:9-40:20
	android:launchMode
		ADDED from src/main/AndroidManifest.xml:29:13-44
	android:windowSoftInputMode
		ADDED from src/main/AndroidManifest.xml:30:13-74
	android:configChanges
		ADDED from src/main/AndroidManifest.xml:28:13-83
	android:name
		ADDED from src/main/AndroidManifest.xml:27:13-57
intent-filter#android.intent.action.MAIN+android.intent.category.LAUNCHER
ADDED from src/main/AndroidManifest.xml:31:13-34:29
action#android.intent.action.MAIN
ADDED from src/main/AndroidManifest.xml:32:17-69
	android:name
		ADDED from src/main/AndroidManifest.xml:32:25-66
category#android.intent.category.LAUNCHER
ADDED from src/main/AndroidManifest.xml:33:17-77
	android:name
		ADDED from src/main/AndroidManifest.xml:33:27-74
intent-filter#android.intent.action.MAIN+android.intent.category.LEANBACK_LAUNCHER
ADDED from src/main/AndroidManifest.xml:35:13-38:29
category#android.intent.category.LEANBACK_LAUNCHER
ADDED from src/main/AndroidManifest.xml:37:17-86
	android:name
		ADDED from src/main/AndroidManifest.xml:37:27-83
meta-data#android.app.shortcuts
ADDED from src/main/AndroidManifest.xml:39:13-97
	android:resource
		ADDED from src/main/AndroidManifest.xml:39:61-94
	android:name
		ADDED from src/main/AndroidManifest.xml:39:24-60
activity#com.termux.app.TermuxHelpActivity
ADDED from src/main/AndroidManifest.xml:42:9-47:56
	android:parentActivityName
		ADDED from src/main/AndroidManifest.xml:46:13-61
	android:label
		ADDED from src/main/AndroidManifest.xml:47:13-53
	android:exported
		ADDED from src/main/AndroidManifest.xml:44:13-37
	android:theme
		ADDED from src/main/AndroidManifest.xml:45:13-78
	android:name
		ADDED from src/main/AndroidManifest.xml:43:13-61
activity#com.termux.filepicker.TermuxFileReceiverActivity
ADDED from src/main/AndroidManifest.xml:49:9-77:20
	android:label
		ADDED from src/main/AndroidManifest.xml:51:13-53
	android:excludeFromRecents
		ADDED from src/main/AndroidManifest.xml:53:13-46
	android:noHistory
		ADDED from src/main/AndroidManifest.xml:54:13-37
	android:taskAffinity
		ADDED from src/main/AndroidManifest.xml:52:13-59
	android:name
		ADDED from src/main/AndroidManifest.xml:50:13-76
intent-filter#android.intent.action.SEND+android.intent.category.DEFAULT
ADDED from src/main/AndroidManifest.xml:56:13-66:29
action#android.intent.action.SEND
ADDED from src/main/AndroidManifest.xml:57:17-68
	android:name
		ADDED from src/main/AndroidManifest.xml:57:25-66
category#android.intent.category.DEFAULT
ADDED from src/main/AndroidManifest.xml:58:17-76
	android:name
		ADDED from src/main/AndroidManifest.xml:58:27-73
data
ADDED from src/main/AndroidManifest.xml:59:17-58
	android:mimeType
		ADDED from src/main/AndroidManifest.xml:59:23-55
intent-filter#android.intent.action.VIEW+android.intent.category.DEFAULT
ADDED from src/main/AndroidManifest.xml:68:13-76:29
action#android.intent.action.VIEW
ADDED from src/main/AndroidManifest.xml:69:17-68
	android:name
		ADDED from src/main/AndroidManifest.xml:69:25-66
activity-alias#com.termux.HomeActivity
ADDED from src/main/AndroidManifest.xml:79:9-89:26
	android:targetActivity
		ADDED from src/main/AndroidManifest.xml:81:13-67
	android:name
		ADDED from src/main/AndroidManifest.xml:80:13-41
intent-filter#android.intent.action.MAIN+android.intent.category.DEFAULT+android.intent.category.IOT_LAUNCHER
ADDED from src/main/AndroidManifest.xml:84:13-88:29
category#android.intent.category.IOT_LAUNCHER
ADDED from src/main/AndroidManifest.xml:86:17-80
	android:name
		ADDED from src/main/AndroidManifest.xml:86:27-78
provider#com.termux.filepicker.TermuxDocumentsProvider
ADDED from src/main/AndroidManifest.xml:91:9-100:20
	android:grantUriPermissions
		ADDED from src/main/AndroidManifest.xml:94:13-47
	android:authorities
		ADDED from src/main/AndroidManifest.xml:93:13-55
	android:exported
		ADDED from src/main/AndroidManifest.xml:95:13-36
	android:permission
		ADDED from src/main/AndroidManifest.xml:96:13-69
	android:name
		ADDED from src/main/AndroidManifest.xml:92:13-63
intent-filter#android.content.action.DOCUMENTS_PROVIDER
ADDED from src/main/AndroidManifest.xml:97:13-99:29
action#android.content.action.DOCUMENTS_PROVIDER
ADDED from src/main/AndroidManifest.xml:98:17-84
	android:name
		ADDED from src/main/AndroidManifest.xml:98:25-81
service#com.termux.app.TermuxService
ADDED from src/main/AndroidManifest.xml:102:9-104:40
	android:exported
		ADDED from src/main/AndroidManifest.xml:104:13-37
	android:name
		ADDED from src/main/AndroidManifest.xml:103:13-56
receiver#com.termux.app.TermuxOpenReceiver
ADDED from src/main/AndroidManifest.xml:106:9-60
	android:name
		ADDED from src/main/AndroidManifest.xml:106:19-57
provider#com.termux.app.TermuxOpenReceiver$ContentProvider
ADDED from src/main/AndroidManifest.xml:108:9-112:86
	android:readPermission
		ADDED from src/main/AndroidManifest.xml:109:19-71
	android:grantUriPermissions
		ADDED from src/main/AndroidManifest.xml:111:19-53
	android:authorities
		ADDED from src/main/AndroidManifest.xml:108:19-57
	android:exported
		ADDED from src/main/AndroidManifest.xml:110:19-42
	android:name
		ADDED from src/main/AndroidManifest.xml:112:19-83
meta-data#com.sec.android.support.multiwindow
ADDED from src/main/AndroidManifest.xml:114:9-94
	android:value
		ADDED from src/main/AndroidManifest.xml:114:71-91
	android:name
		ADDED from src/main/AndroidManifest.xml:114:20-70
uses-sdk
INJECTED from src/main/AndroidManifest.xml reason: use-sdk injection requested
INJECTED from src/main/AndroidManifest.xml
INJECTED from src/main/AndroidManifest.xml
MERGED from [:terminal-view] AndroidManifest.xml:6:5-8:41
MERGED from [:terminal-view] AndroidManifest.xml:6:5-8:41
MERGED from [com.android.support:support-core-utils:26.1.0] AndroidManifest.xml:21:5-23:61
MERGED from [com.android.support:support-core-utils:26.1.0] AndroidManifest.xml:21:5-23:61
MERGED from [com.android.support:support-core-ui:26.1.0] AndroidManifest.xml:21:5-23:58
MERGED from [com.android.support:support-core-ui:26.1.0] AndroidManifest.xml:21:5-23:58
MERGED from [com.android.support:support-compat:26.1.0] AndroidManifest.xml:21:5-23:58
MERGED from [com.android.support:support-compat:26.1.0] AndroidManifest.xml:21:5-23:58
MERGED from [:terminal-emulator] AndroidManifest.xml:6:5-8:41
MERGED from [:terminal-emulator] AndroidManifest.xml:6:5-8:41
MERGED from [android.arch.lifecycle:runtime:1.0.0] AndroidManifest.xml:20:5-22:41
MERGED from [android.arch.lifecycle:runtime:1.0.0] AndroidManifest.xml:20:5-22:41
INJECTED from src/main/AndroidManifest.xml
INJECTED from src/main/AndroidManifest.xml
	tools:overrideLibrary
		ADDED from [com.android.support:support-core-utils:26.1.0] AndroidManifest.xml:23:9-58
	android:targetSdkVersion
		INJECTED from src/main/AndroidManifest.xml
		ADDED from src/main/AndroidManifest.xml
		INJECTED from src/main/AndroidManifest.xml
	android:minSdkVersion
		INJECTED from src/main/AndroidManifest.xml
		ADDED from src/main/AndroidManifest.xml
		INJECTED from src/main/AndroidManifest.xml
meta-data#android.support.VERSION
ADDED from [com.android.support:support-core-utils:26.1.0] AndroidManifest.xml:26:9-28:38
MERGED from [com.android.support:support-core-ui:26.1.0] AndroidManifest.xml:26:9-28:38
MERGED from [com.android.support:support-core-ui:26.1.0] AndroidManifest.xml:26:9-28:38
MERGED from [com.android.support:support-compat:26.1.0] AndroidManifest.xml:26:9-28:38
MERGED from [com.android.support:support-compat:26.1.0] AndroidManifest.xml:26:9-28:38
	android:value
		ADDED from [com.android.support:support-core-utils:26.1.0] AndroidManifest.xml:28:13-35
	android:name
		ADDED from [com.android.support:support-core-utils:26.1.0] AndroidManifest.xml:27:13-51
meta-data#android.arch.lifecycle.VERSION
ADDED from [android.arch.lifecycle:runtime:1.0.0] AndroidManifest.xml:25:9-27:47
	android:value
		ADDED from [android.arch.lifecycle:runtime:1.0.0] AndroidManifest.xml:27:13-44
	android:name
		ADDED from [android.arch.lifecycle:runtime:1.0.0] AndroidManifest.xml:26:13-58